#
# A fatal error has been detected by the Java Runtime Environment:
#
#  SIGSEGV (0xb) at pc=0x00007f77ec1b09ee, pid=4142, tid=140152846382848
#
# JRE version: Java(TM) SE Runtime Environment (7.0_55-b13) (build 1.7.0_55-b13)
# Java VM: Java HotSpot(TM) 64-Bit Server VM (24.55-b03 mixed mode linux-amd64 compressed oops)
# Problematic frame:
# V  [libjvm.so+0x69e9ee]  JNIHandles::checked_resolve_jmethod_id(_jmethodID*)+0xe
#
# Failed to write core dump. Core dumps have been disabled. To enable core dumping, try "ulimit -c unlimited" before starting Java again
#
# If you would like to submit a bug report, please visit:
#   http://bugreport.sun.com/bugreport/crash.jsp
#

---------------  T H R E A D  ---------------

Current thread (0x00007f77e409d000):  JavaThread "JDWP Transport Listener: dt_socket" daemon [_thread_in_vm, id=4159, stack(0x00007f77e08f7000,0x00007f77e09f8000)]

siginfo:si_signo=SIGSEGV: si_errno=0, si_code=1 (SEGV_MAPERR), si_addr=0x0000000000000050

Registers:
RAX=0x0000000000000001, RBX=0x00007f77e40044d0, RCX=0x00007f77ed372320, RDX=0x00007f77ec94e000
RSP=0x00007f77e09f6710, RBP=0x00007f77e09f6720, RSI=0x00007f77e409d000, RDI=0x0000000000000050
R8 =0x0000000000000000, R9 =0x00007f77b401b800, R10=0x0000000000000020, R11=0x00007f77ecb007b0
R12=0x0000000000000017, R13=0x0000000000000050, R14=0x00007f77e409d000, R15=0x00007f77e09f6827
RIP=0x00007f77ec1b09ee, EFLAGS=0x0000000000010206, CSGSFS=0xffff000000000033, ERR=0x0000000000000004
  TRAPNO=0x000000000000000e

Top of Stack: (sp=0x00007f77e09f6710)
0x00007f77e09f6710:   0000000000000074 00007f77e40044d0
0x00007f77e09f6720:   00007f77e09f6790 00007f77ec1a1e1e
0x00007f77e09f6730:   0000000000000073 00007f77e09f6740
0x00007f77e09f6740:   00007f77e409d000 0000000000000000
0x00007f77e09f6750:   00007f7700000000 0000000000000000
0x00007f77e09f6760:   00007f77e09f6780 00007f77eb1ca120
0x00007f77e09f6770:   0000000000000050 00007f77e09f6827
0x00007f77e09f6780:   0000000000000008 00007f77e09f6827
0x00007f77e09f6790:   00007f77e09f67c0 00007f77eafb53f2
0x00007f77e09f67a0:   00007f77e09f67c0 0000000000000050
0x00007f77e09f67b0:   00007f77e09f6890 0000000000000040
0x00007f77e09f67c0:   00007f77e09f6850 00007f77eaf969d0
0x00007f77e09f67d0:   00007f77e09f6808 00007f77e09f6800
0x00007f77e09f67e0:   00007f77e09f67f8 00007f77e09f681c
0x00007f77e09f67f0:   00000001b4002f80 0000000000000000
0x00007f77e09f6800:   0000000000000000 0000000000000000
0x00007f77e09f6810:   00007f77b40ac130 0000000ae09f6890
0x00007f77e09f6820:   0000000000000009 0000000000000002
0x00007f77e09f6830:   000000000000000f 0000000000000002
0x00007f77e09f6840:   00000000000f0200 000000000000000f
0x00007f77e09f6850:   00007f77e09f6aa0 00007f77eafa18e6
0x00007f77e09f6860:   00001d6a00000013 00007f77ec0f0200
0x00007f77e09f6870:   00007f77ac000fb0 00007f77eb1ca120
0x00007f77e09f6880:   00007f77e09f6890 00007f77e09f6a20
0x00007f77e09f6890:   00007f77b400d338 00007f77000001c0
0x00007f77e09f68a0:   00007f77b407fcc0 000000000000012c
0x00007f77e09f68b0:   00007f77e09f68e0 00007f77b407fcc0
0x00007f77e09f68c0:   0000000000000000 00001d6a0000001c
0x00007f77e09f68d0:   00007f7700006980 00007f77e09f68e0
0x00007f77e09f68e0:   777f000009000000 0600000060b307e4
0x00007f77e09f68f0:   00003e74696e693c 0000005629280300
0x00007f77e09f6900:   7f00000100000000 00000070b307e477 

Instructions: (pc=0x00007f77ec1b09ee)
0x00007f77ec1b09ce:   20 00 e9 52 ff ff ff 90 90 90 90 90 90 90 90 90
0x00007f77ec1b09de:   90 90 55 48 89 e5 53 48 83 ec 08 48 85 ff 74 3c
0x00007f77ec1b09ee:   48 8b 1f 48 85 db 74 34 48 b8 fe fe fe fe fe fe
0x00007f77ec1b09fe:   fe fe 48 39 c3 74 25 48 8b 05 5c 9d 75 00 80 38 

Register to memory mapping:

RAX=0x0000000000000001 is an unknown value
RBX=0x00007f77e40044d0 is an unknown value
RCX=0x00007f77ed372320: <offset 0x219320> in /lib/x86_64-linux-gnu/libpthread.so.0 at 0x00007f77ed159000
RDX=0x00007f77ec94e000: <offset 0xe3c000> in /home/facundomr/jre1.7.0_55/lib/amd64/server/libjvm.so at 0x00007f77ebb12000
RSP=0x00007f77e09f6710 is pointing into the stack for thread: 0x00007f77e409d000
RBP=0x00007f77e09f6720 is pointing into the stack for thread: 0x00007f77e409d000
RSI=0x00007f77e409d000 is a thread
RDI=0x0000000000000050 is an unknown value
R8 =0x0000000000000000 is an unknown value
R9 =0x00007f77b401b800 is an unknown value
R10=0x0000000000000020 is an unknown value
R11=0x00007f77ecb007b0: <offset 0x1887b0> in /lib/x86_64-linux-gnu/libc.so.6 at 0x00007f77ec978000
R12=0x0000000000000017 is an unknown value
R13=0x0000000000000050 is an unknown value
R14=0x00007f77e409d000 is a thread
R15=0x00007f77e09f6827 is pointing into the stack for thread: 0x00007f77e409d000


Stack: [0x00007f77e08f7000,0x00007f77e09f8000],  sp=0x00007f77e09f6710,  free space=1021k
Native frames: (J=compiled Java code, j=interpreted, Vv=VM code, C=native code)
V  [libjvm.so+0x69e9ee]  JNIHandles::checked_resolve_jmethod_id(_jmethodID*)+0xe
V  [libjvm.so+0x68fe1e]  jvmti_IsMethodSynthetic+0x23e
C  [libjdwp.so+0x253f2]  isMethodSynthetic+0x42
C  [libjdwp.so+0x69d0]  methods1+0x1b0
C  [libjdwp.so+0x118e6]  debugLoop_run+0x2b6
C  [libjdwp.so+0x2432f]  attachThread+0x2f
V  [libjvm.so+0x6f45f7]  JvmtiAgentThread::call_start_function()+0x97
V  [libjvm.so+0x94d70f]  JavaThread::thread_main_inner()+0xdf
V  [libjvm.so+0x94d815]  JavaThread::run()+0xf5
V  [libjvm.so+0x815668]  java_start(Thread*)+0x108


---------------  P R O C E S S  ---------------

Java Threads: ( => current thread )
  0x00007f77e400e000 JavaThread "DestroyJavaVM" [_thread_blocked, id=4148, stack(0x00007f77ed474000,0x00007f77ed575000)]
  0x00007f77e45dc800 JavaThread "pool-1-thread-1" [_thread_blocked, id=4226, stack(0x00007f77c8280000,0x00007f77c8381000)]
  0x00007f77e4264000 JavaThread "Java2D Disposer" daemon [_thread_blocked, id=4189, stack(0x00007f77c89f4000,0x00007f77c8af5000)]
  0x00007f77e40a8800 JavaThread "Service Thread" daemon [_thread_blocked, id=4167, stack(0x00007f77e03f2000,0x00007f77e04f3000)]
  0x00007f77e40a6000 JavaThread "C2 CompilerThread1" daemon [_thread_blocked, id=4166, stack(0x00007f77e04f3000,0x00007f77e05f4000)]
  0x00007f77e40a3000 JavaThread "C2 CompilerThread0" daemon [_thread_blocked, id=4165, stack(0x00007f77e05f4000,0x00007f77e06f5000)]
  0x00007f77b4001000 JavaThread "JDWP Command Reader" daemon [_thread_in_native, id=4161, stack(0x00007f77e06f5000,0x00007f77e07f6000)]
  0x00007f77e40a1000 JavaThread "JDWP Event Helper Thread" daemon [_thread_blocked, id=4160, stack(0x00007f77e07f6000,0x00007f77e08f7000)]
=>0x00007f77e409d000 JavaThread "JDWP Transport Listener: dt_socket" daemon [_thread_in_vm, id=4159, stack(0x00007f77e08f7000,0x00007f77e09f8000)]
  0x00007f77e4087800 JavaThread "Signal Dispatcher" daemon [_thread_blocked, id=4157, stack(0x00007f77e0bfc000,0x00007f77e0cfd000)]
  0x00007f77e4072000 JavaThread "Finalizer" daemon [_thread_blocked, id=4156, stack(0x00007f77e0cfd000,0x00007f77e0dfe000)]
  0x00007f77e4070000 JavaThread "Reference Handler" daemon [_thread_blocked, id=4155, stack(0x00007f77e0dfe000,0x00007f77e0eff000)]

Other Threads:
  0x00007f77e406d800 VMThread [stack: 0x00007f77e0eff000,0x00007f77e1000000] [id=4154]
  0x00007f77e40bb000 WatcherThread [stack: 0x00007f77e02f1000,0x00007f77e03f2000] [id=4168]

VM state:not at safepoint (normal execution)

VM Mutex/Monitor currently owned by a thread: None

Heap
 PSYoungGen      total 38912K, used 9295K [0x00000000ebe00000, 0x00000000eeb00000, 0x0000000100000000)
  eden space 31744K, 11% used [0x00000000ebe00000,0x00000000ec18e980,0x00000000edd00000)
  from space 7168K, 78% used [0x00000000ee400000,0x00000000ee985490,0x00000000eeb00000)
  to   space 7168K, 0% used [0x00000000edd00000,0x00000000edd00000,0x00000000ee400000)
 ParOldGen       total 40960K, used 11258K [0x00000000c3a00000, 0x00000000c6200000, 0x00000000ebe00000)
  object space 40960K, 27% used [0x00000000c3a00000,0x00000000c44fe818,0x00000000c6200000)
 PSPermGen       total 24576K, used 24502K [0x00000000be800000, 0x00000000c0000000, 0x00000000c3a00000)
  object space 24576K, 99% used [0x00000000be800000,0x00000000bffed828,0x00000000c0000000)

Card table byte_map: [0x00007f77e9a47000,0x00007f77e9c54000] byte_map_base: 0x00007f77e9453000

Polling page: 0x00007f77ed596000

Code Cache  [0x00007f77e1000000, 0x00007f77e1270000, 0x00007f77e4000000)
 total_blobs=568 nmethods=152 adapters=376 free_code_cache=48233Kb largest_free_block=49328256

Compilation events (10 events):
Event: 173,689 Thread 0x00007f77e40a3000 nmethod 151 0x00007f77e10e15d0 code [0x00007f77e10e1800, 0x00007f77e10e3c38]
Event: 173,758 Thread 0x00007f77e40a6000 nmethod 153% 0x00007f77e10e4e50 code [0x00007f77e10e5040, 0x00007f77e10e78d8]
Event: 173,758 Thread 0x00007f77e40a3000  154 %           com.sun.media.jai.opimage.GradientOpImage::byteLoop @ 142 (385 bytes)
Event: 173,864 Thread 0x00007f77e40a3000 nmethod 154% 0x00007f77e10dbb50 code [0x00007f77e10dbd40, 0x00007f77e10dde78]
Event: 173,879 Thread 0x00007f77e40a6000  155 %           com.sun.media.jai.util.ImageUtil::copyRaster @ 182 (813 bytes)
Event: 173,958 Thread 0x00007f77e40a6000 nmethod 155% 0x00007f77e10eba50 code [0x00007f77e10ebc20, 0x00007f77e10ed748]
Event: 173,991 Thread 0x00007f77e40a3000  156             sun.awt.image.ByteInterleavedRaster::getByteData (851 bytes)
Event: 174,200 Thread 0x00007f77e40a6000  157             java.lang.Math::max (11 bytes)
Event: 174,202 Thread 0x00007f77e40a6000 nmethod 157 0x00007f77e10d5450 code [0x00007f77e10d5580, 0x00007f77e10d55d8]
Event: 174,357 Thread 0x00007f77e40a3000 nmethod 156 0x00007f77e10f1c50 code [0x00007f77e10f1e60, 0x00007f77e10f3f98]

GC Heap History (10 events):
Event: 62,755 GC heap before
{Heap before GC invocations=2 (full 0):
 PSYoungGen      total 18432K, used 18386K [0x00000000ebe00000, 0x00000000ed280000, 0x0000000100000000)
  eden space 15872K, 99% used [0x00000000ebe00000,0x00000000ecd76258,0x00000000ecd80000)
  from space 2560K, 99% used [0x00000000ecd80000,0x00000000ecffe998,0x00000000ed000000)
  to   space 2560K, 0% used [0x00000000ed000000,0x00000000ed000000,0x00000000ed280000)
 ParOldGen       total 40960K, used 2927K [0x00000000c3a00000, 0x00000000c6200000, 0x00000000ebe00000)
  object space 40960K, 7% used [0x00000000c3a00000,0x00000000c3cdbd98,0x00000000c6200000)
 PSPermGen       total 21504K, used 7212K [0x00000000be800000, 0x00000000bfd00000, 0x00000000c3a00000)
  object space 21504K, 33% used [0x00000000be800000,0x00000000bef0b210,0x00000000bfd00000)
Event: 62,766 GC heap after
Heap after GC invocations=2 (full 0):
 PSYoungGen      total 18432K, used 1661K [0x00000000ebe00000, 0x00000000ed280000, 0x0000000100000000)
  eden space 15872K, 0% used [0x00000000ebe00000,0x00000000ebe00000,0x00000000ecd80000)
  from space 2560K, 64% used [0x00000000ed000000,0x00000000ed19f6c0,0x00000000ed280000)
  to   space 2560K, 0% used [0x00000000ecd80000,0x00000000ecd80000,0x00000000ed000000)
 ParOldGen       total 40960K, used 4478K [0x00000000c3a00000, 0x00000000c6200000, 0x00000000ebe00000)
  object space 40960K, 10% used [0x00000000c3a00000,0x00000000c3e5fb98,0x00000000c6200000)
 PSPermGen       total 21504K, used 7212K [0x00000000be800000, 0x00000000bfd00000, 0x00000000c3a00000)
  object space 21504K, 33% used [0x00000000be800000,0x00000000bef0b210,0x00000000bfd00000)
}
Event: 63,941 GC heap before
{Heap before GC invocations=3 (full 0):
 PSYoungGen      total 18432K, used 17533K [0x00000000ebe00000, 0x00000000ed280000, 0x0000000100000000)
  eden space 15872K, 100% used [0x00000000ebe00000,0x00000000ecd80000,0x00000000ecd80000)
  from space 2560K, 64% used [0x00000000ed000000,0x00000000ed19f6c0,0x00000000ed280000)
  to   space 2560K, 0% used [0x00000000ecd80000,0x00000000ecd80000,0x00000000ed000000)
 ParOldGen       total 40960K, used 4478K [0x00000000c3a00000, 0x00000000c6200000, 0x00000000ebe00000)
  object space 40960K, 10% used [0x00000000c3a00000,0x00000000c3e5fb98,0x00000000c6200000)
 PSPermGen       total 21504K, used 13527K [0x00000000be800000, 0x00000000bfd00000, 0x00000000c3a00000)
  object space 21504K, 62% used [0x00000000be800000,0x00000000bf535da0,0x00000000bfd00000)
Event: 63,958 GC heap after
Heap after GC invocations=3 (full 0):
 PSYoungGen      total 18432K, used 2548K [0x00000000ebe00000, 0x00000000ed280000, 0x0000000100000000)
  eden space 15872K, 0% used [0x00000000ebe00000,0x00000000ebe00000,0x00000000ecd80000)
  from space 2560K, 99% used [0x00000000ecd80000,0x00000000ecffd2f8,0x00000000ed000000)
  to   space 2560K, 0% used [0x00000000ed000000,0x00000000ed000000,0x00000000ed280000)
 ParOldGen       total 40960K, used 5969K [0x00000000c3a00000, 0x00000000c6200000, 0x00000000ebe00000)
  object space 40960K, 14% used [0x00000000c3a00000,0x00000000c3fd4518,0x00000000c6200000)
 PSPermGen       total 21504K, used 13527K [0x00000000be800000, 0x00000000bfd00000, 0x00000000c3a00000)
  object space 21504K, 62% used [0x00000000be800000,0x00000000bf535da0,0x00000000bfd00000)
}
Event: 65,558 GC heap before
{Heap before GC invocations=4 (full 0):
 PSYoungGen      total 18432K, used 18420K [0x00000000ebe00000, 0x00000000ed280000, 0x0000000100000000)
  eden space 15872K, 100% used [0x00000000ebe00000,0x00000000ecd80000,0x00000000ecd80000)
  from space 2560K, 99% used [0x00000000ecd80000,0x00000000ecffd2f8,0x00000000ed000000)
  to   space 2560K, 0% used [0x00000000ed000000,0x00000000ed000000,0x00000000ed280000)
 ParOldGen       total 40960K, used 5969K [0x00000000c3a00000, 0x00000000c6200000, 0x00000000ebe00000)
  object space 40960K, 14% used [0x00000000c3a00000,0x00000000c3fd4518,0x00000000c6200000)
 PSPermGen       total 21504K, used 17890K [0x00000000be800000, 0x00000000bfd00000, 0x00000000c3a00000)
  object space 21504K, 83% used [0x00000000be800000,0x00000000bf978ac8,0x00000000bfd00000)
Event: 65,594 GC heap after
Heap after GC invocations=4 (full 0):
 PSYoungGen      total 18432K, used 2529K [0x00000000ebe00000, 0x00000000ed280000, 0x0000000100000000)
  eden space 15872K, 0% used [0x00000000ebe00000,0x00000000ebe00000,0x00000000ecd80000)
  from space 2560K, 98% used [0x00000000ed000000,0x00000000ed278760,0x00000000ed280000)
  to   space 2560K, 0% used [0x00000000ecd80000,0x00000000ecd80000,0x00000000ed000000)
 ParOldGen       total 40960K, used 9293K [0x00000000c3a00000, 0x00000000c6200000, 0x00000000ebe00000)
  object space 40960K, 22% used [0x00000000c3a00000,0x00000000c4313660,0x00000000c6200000)
 PSPermGen       total 21504K, used 17890K [0x00000000be800000, 0x00000000bfd00000, 0x00000000c3a00000)
  object space 21504K, 83% used [0x00000000be800000,0x00000000bf978ac8,0x00000000bfd00000)
}
Event: 66,602 GC heap before
{Heap before GC invocations=5 (full 0):
 PSYoungGen      total 18432K, used 18401K [0x00000000ebe00000, 0x00000000ed280000, 0x0000000100000000)
  eden space 15872K, 100% used [0x00000000ebe00000,0x00000000ecd80000,0x00000000ecd80000)
  from space 2560K, 98% used [0x00000000ed000000,0x00000000ed278760,0x00000000ed280000)
  to   space 2560K, 0% used [0x00000000ecd80000,0x00000000ecd80000,0x00000000ed000000)
 ParOldGen       total 40960K, used 9293K [0x00000000c3a00000, 0x00000000c6200000, 0x00000000ebe00000)
  object space 40960K, 22% used [0x00000000c3a00000,0x00000000c4313660,0x00000000c6200000)
 PSPermGen       total 21504K, used 21102K [0x00000000be800000, 0x00000000bfd00000, 0x00000000c3a00000)
  object space 21504K, 98% used [0x00000000be800000,0x00000000bfc9b9a0,0x00000000bfd00000)
Event: 66,630 GC heap after
Heap after GC invocations=5 (full 0):
 PSYoungGen      total 18432K, used 2550K [0x00000000ebe00000, 0x00000000eeb00000, 0x0000000100000000)
  eden space 15872K, 0% used [0x00000000ebe00000,0x00000000ebe00000,0x00000000ecd80000)
  from space 2560K, 99% used [0x00000000ecd80000,0x00000000ecffda38,0x00000000ed000000)
  to   space 7168K, 0% used [0x00000000ee400000,0x00000000ee400000,0x00000000eeb00000)
 ParOldGen       total 40960K, used 11258K [0x00000000c3a00000, 0x00000000c6200000, 0x00000000ebe00000)
  object space 40960K, 27% used [0x00000000c3a00000,0x00000000c44fe818,0x00000000c6200000)
 PSPermGen       total 21504K, used 21102K [0x00000000be800000, 0x00000000bfd00000, 0x00000000c3a00000)
  object space 21504K, 98% used [0x00000000be800000,0x00000000bfc9b9a0,0x00000000bfd00000)
}
Event: 173,302 GC heap before
{Heap before GC invocations=6 (full 0):
 PSYoungGen      total 18432K, used 18422K [0x00000000ebe00000, 0x00000000eeb00000, 0x0000000100000000)
  eden space 15872K, 100% used [0x00000000ebe00000,0x00000000ecd80000,0x00000000ecd80000)
  from space 2560K, 99% used [0x00000000ecd80000,0x00000000ecffda38,0x00000000ed000000)
  to   space 7168K, 0% used [0x00000000ee400000,0x00000000ee400000,0x00000000eeb00000)
 ParOldGen       total 40960K, used 11258K [0x00000000c3a00000, 0x00000000c6200000, 0x00000000ebe00000)
  object space 40960K, 27% used [0x00000000c3a00000,0x00000000c44fe818,0x00000000c6200000)
 PSPermGen       total 24064K, used 23805K [0x00000000be800000, 0x00000000bff80000, 0x00000000c3a00000)
  object space 24064K, 98% used [0x00000000be800000,0x00000000bff3f790,0x00000000bff80000)
Event: 173,364 GC heap after
Heap after GC invocations=6 (full 0):
 PSYoungGen      total 38912K, used 5653K [0x00000000ebe00000, 0x00000000eeb00000, 0x0000000100000000)
  eden space 31744K, 0% used [0x00000000ebe00000,0x00000000ebe00000,0x00000000edd00000)
  from space 7168K, 78% used [0x00000000ee400000,0x00000000ee985490,0x00000000eeb00000)
  to   space 7168K, 0% used [0x00000000edd00000,0x00000000edd00000,0x00000000ee400000)
 ParOldGen       total 40960K, used 11258K [0x00000000c3a00000, 0x00000000c6200000, 0x00000000ebe00000)
  object space 40960K, 27% used [0x00000000c3a00000,0x00000000c44fe818,0x00000000c6200000)
 PSPermGen       total 24064K, used 23805K [0x00000000be800000, 0x00000000bff80000, 0x00000000c3a00000)
  object space 24064K, 98% used [0x00000000be800000,0x00000000bff3f790,0x00000000bff80000)
}

Deoptimization events (10 events):
Event: 62,682 Thread 0x00007f77e400e000 Uncommon trap: reason=class_check action=maybe_recompile pc=0x00007f77e1067704 method=java.util.Properties$LineReader.readLine()I @ 62
Event: 62,683 Thread 0x00007f77e400e000 Uncommon trap: reason=class_check action=maybe_recompile pc=0x00007f77e1067704 method=java.util.Properties$LineReader.readLine()I @ 62
Event: 62,989 Thread 0x00007f77e400e000 Uncommon trap: reason=null_check action=make_not_entrant pc=0x00007f77e10683d0 method=java.lang.String.equals(Ljava/lang/Object;)Z @ 8
Event: 64,484 Thread 0x00007f77e400e000 Uncommon trap: reason=unreached action=reinterpret pc=0x00007f77e1096974 method=java.util.HashMap.getEntry(Ljava/lang/Object;)Ljava/util/HashMap$Entry; @ 10
Event: 64,609 Thread 0x00007f77e400e000 Uncommon trap: reason=class_check action=maybe_recompile pc=0x00007f77e1067704 method=java.util.Properties$LineReader.readLine()I @ 62
Event: 64,610 Thread 0x00007f77e400e000 Uncommon trap: reason=class_check action=maybe_recompile pc=0x00007f77e1067704 method=java.util.Properties$LineReader.readLine()I @ 62
Event: 65,833 Thread 0x00007f77e400e000 Uncommon trap: reason=class_check action=maybe_recompile pc=0x00007f77e1093498 method=java.lang.String.equals(Ljava/lang/Object;)Z @ 8
Event: 65,833 Thread 0x00007f77e400e000 Uncommon trap: reason=class_check action=maybe_recompile pc=0x00007f77e1093498 method=java.lang.String.equals(Ljava/lang/Object;)Z @ 8
Event: 65,834 Thread 0x00007f77e400e000 Uncommon trap: reason=class_check action=maybe_recompile pc=0x00007f77e1093498 method=java.lang.String.equals(Ljava/lang/Object;)Z @ 8
Event: 65,834 Thread 0x00007f77e400e000 Uncommon trap: reason=class_check action=maybe_recompile pc=0x00007f77e1093498 method=java.lang.String.equals(Ljava/lang/Object;)Z @ 8

Internal exceptions (10 events):
Event: 173,410 Thread 0x00007f77e400e000 Threw 0x00000000ebe097d0 at /HUDSON/workspace/7u-2-build-linux-amd64/jdk7u55/869/hotspot/src/share/vm/prims/jvm.cpp:1244
Event: 173,412 Thread 0x00007f77e400e000 Threw 0x00000000ebe13c40 at /HUDSON/workspace/7u-2-build-linux-amd64/jdk7u55/869/hotspot/src/share/vm/prims/jvm.cpp:1244
Event: 173,420 Thread 0x00007f77e400e000 Threw 0x00000000ebe1d990 at /HUDSON/workspace/7u-2-build-linux-amd64/jdk7u55/869/hotspot/src/share/vm/prims/jvm.cpp:1244
Event: 173,428 Thread 0x00007f77e400e000 Threw 0x00000000ebe27b28 at /HUDSON/workspace/7u-2-build-linux-amd64/jdk7u55/869/hotspot/src/share/vm/prims/jvm.cpp:1244
Event: 173,433 Thread 0x00007f77e400e000 Threw 0x00000000ebe33128 at /HUDSON/workspace/7u-2-build-linux-amd64/jdk7u55/869/hotspot/src/share/vm/prims/jvm.cpp:1244
Event: 173,443 Thread 0x00007f77e400e000 Threw 0x00000000ebe3e920 at /HUDSON/workspace/7u-2-build-linux-amd64/jdk7u55/869/hotspot/src/share/vm/prims/jvm.cpp:1244
Event: 173,454 Thread 0x00007f77e400e000 Threw 0x00000000ebe51358 at /HUDSON/workspace/7u-2-build-linux-amd64/jdk7u55/869/hotspot/src/share/vm/prims/jvm.cpp:1244
Event: 173,456 Thread 0x00007f77e400e000 Threw 0x00000000ebe55328 at /HUDSON/workspace/7u-2-build-linux-amd64/jdk7u55/869/hotspot/src/share/vm/prims/jvm.cpp:1244
Event: 173,459 Thread 0x00007f77e400e000 Threw 0x00000000ebe5acf8 at /HUDSON/workspace/7u-2-build-linux-amd64/jdk7u55/869/hotspot/src/share/vm/prims/jvm.cpp:1244
Event: 173,463 Thread 0x00007f77e400e000 Threw 0x00000000ebe5e118 at /HUDSON/workspace/7u-2-build-linux-amd64/jdk7u55/869/hotspot/src/share/vm/prims/jvm.cpp:1244

Events (10 events):
Event: 554,817 Executing VM operation: RedefineClasses
Event: 554,822 Executing VM operation: RedefineClasses done
Event: 756,790 Executing VM operation: RedefineClasses
Event: 756,795 Executing VM operation: RedefineClasses done
Event: 769,744 Executing VM operation: RedefineClasses
Event: 769,753 Executing VM operation: RedefineClasses done
Event: 769,806 Executing VM operation: ChangeBreakpoints
Event: 769,806 Executing VM operation: ChangeBreakpoints done
Event: 810,192 Executing VM operation: RedefineClasses
Event: 810,197 Executing VM operation: RedefineClasses done


Dynamic libraries:
00400000-00401000 r-xp 00000000 08:05 552326                             /home/facundomr/jre1.7.0_55/bin/java
00600000-00601000 rw-p 00000000 08:05 552326                             /home/facundomr/jre1.7.0_55/bin/java
00a58000-00a79000 rw-p 00000000 00:00 0                                  [heap]
be800000-c0000000 rw-p 00000000 00:00 0 
c0000000-c3a00000 rw-p 00000000 00:00 0 
c3a00000-c6200000 rw-p 00000000 00:00 0 
c6200000-ebe00000 rw-p 00000000 00:00 0 
ebe00000-eeb00000 rw-p 00000000 00:00 0 
eeb00000-100000000 rw-p 00000000 00:00 0 
7f7794000000-7f7794021000 rw-p 00000000 00:00 0 
7f7794021000-7f7798000000 ---p 00000000 00:00 0 
7f779c000000-7f779c021000 rw-p 00000000 00:00 0 
7f779c021000-7f77a0000000 ---p 00000000 00:00 0 
7f77a0000000-7f77a0021000 rw-p 00000000 00:00 0 
7f77a0021000-7f77a4000000 ---p 00000000 00:00 0 
7f77a4000000-7f77a45a7000 rw-p 00000000 00:00 0 
7f77a45a7000-7f77a8000000 ---p 00000000 00:00 0 
7f77a8000000-7f77a8021000 rw-p 00000000 00:00 0 
7f77a8021000-7f77ac000000 ---p 00000000 00:00 0 
7f77ac000000-7f77ac021000 rw-p 00000000 00:00 0 
7f77ac021000-7f77b0000000 ---p 00000000 00:00 0 
7f77b0000000-7f77b04a8000 rw-p 00000000 00:00 0 
7f77b04a8000-7f77b4000000 ---p 00000000 00:00 0 
7f77b4000000-7f77b43d6000 rw-p 00000000 00:00 0 
7f77b43d6000-7f77b8000000 ---p 00000000 00:00 0 
7f77b8000000-7f77b8021000 rw-p 00000000 00:00 0 
7f77b8021000-7f77bc000000 ---p 00000000 00:00 0 
7f77bc000000-7f77bc021000 rw-p 00000000 00:00 0 
7f77bc021000-7f77c0000000 ---p 00000000 00:00 0 
7f77c0000000-7f77c0021000 rw-p 00000000 00:00 0 
7f77c0021000-7f77c4000000 ---p 00000000 00:00 0 
7f77c4000000-7f77c4021000 rw-p 00000000 00:00 0 
7f77c4021000-7f77c8000000 ---p 00000000 00:00 0 
7f77c827f000-7f77c8280000 rw-p 00000000 00:00 0 
7f77c8280000-7f77c8283000 ---p 00000000 00:00 0 
7f77c8283000-7f77c8381000 rw-p 00000000 00:00 0                          [stack:4226]
7f77c8381000-7f77c8385000 r--s 0007d000 08:05 552294                     /home/facundomr/jre1.7.0_55/lib/jsse.jar
7f77c8385000-7f77c838e000 r--s 00251000 08:05 552282                     /home/facundomr/jre1.7.0_55/lib/resources.jar
7f77c838e000-7f77c83a4000 r-xp 00000000 08:05 794883                     /home/facundomr/jre1.7.0_55/lib/amd64/libnet.so
7f77c83a4000-7f77c85a4000 ---p 00016000 08:05 794883                     /home/facundomr/jre1.7.0_55/lib/amd64/libnet.so
7f77c85a4000-7f77c85a5000 rw-p 00016000 08:05 794883                     /home/facundomr/jre1.7.0_55/lib/amd64/libnet.so
7f77c85a5000-7f77c85b5000 r-xp 00000000 08:05 794930                     /home/facundomr/jre1.7.0_55/lib/amd64/libnio.so
7f77c85b5000-7f77c87b5000 ---p 00010000 08:05 794930                     /home/facundomr/jre1.7.0_55/lib/amd64/libnio.so
7f77c87b5000-7f77c87b6000 rw-p 00010000 08:05 794930                     /home/facundomr/jre1.7.0_55/lib/amd64/libnio.so
7f77c87b6000-7f77c87b9000 r--s 000f5000 08:05 552312                     /home/facundomr/jre1.7.0_55/lib/ext/localedata.jar
7f77c87b9000-7f77c87f3000 r-xp 00000000 08:05 794928                     /home/facundomr/jre1.7.0_55/lib/amd64/libjpeg.so
7f77c87f3000-7f77c89f3000 ---p 0003a000 08:05 794928                     /home/facundomr/jre1.7.0_55/lib/amd64/libjpeg.so
7f77c89f3000-7f77c89f4000 rw-p 0003a000 08:05 794928                     /home/facundomr/jre1.7.0_55/lib/amd64/libjpeg.so
7f77c89f4000-7f77c89f7000 ---p 00000000 00:00 0 
7f77c89f7000-7f77c8af5000 rw-p 00000000 00:00 0                          [stack:4189]
7f77c8af5000-7f77c8af8000 r--s 00010000 08:05 735604                     /home/facundomr/productos/untref/untref-informatica-medica/InformaticaMedica-Imagenes/libs/hibernate-commons-annotations-4.0.5.Final.jar
7f77c8af8000-7f77c8afa000 r--s 00006000 08:05 735495                     /home/facundomr/productos/untref/untref-informatica-medica/InformaticaMedica-Imagenes/libs/slf4j-api-1.7.7.jar
7f77c8afa000-7f77c8afd000 r--s 0000f000 08:05 735483                     /home/facundomr/productos/untref/untref-informatica-medica/InformaticaMedica-Imagenes/libs/hibernate-commons-annotations-3.2.0.Final.jar
7f77c8afd000-7f77c8b5b000 r--s 004a5000 08:05 735484                     /home/facundomr/productos/untref/untref-informatica-medica/InformaticaMedica-Imagenes/libs/hibernate-core-4.3.6.Final.jar
7f77c8b5b000-7f77c8b60000 r-xp 00000000 08:05 3279767                    /usr/lib/x86_64-linux-gnu/libXdmcp.so.6.0.0
7f77c8b60000-7f77c8d5f000 ---p 00005000 08:05 3279767                    /usr/lib/x86_64-linux-gnu/libXdmcp.so.6.0.0
7f77c8d5f000-7f77c8d60000 r--p 00004000 08:05 3279767                    /usr/lib/x86_64-linux-gnu/libXdmcp.so.6.0.0
7f77c8d60000-7f77c8d61000 rw-p 00005000 08:05 3279767                    /usr/lib/x86_64-linux-gnu/libXdmcp.so.6.0.0
7f77c8d61000-7f77c8d63000 r-xp 00000000 08:05 3279756                    /usr/lib/x86_64-linux-gnu/libXau.so.6.0.0
7f77c8d63000-7f77c8f63000 ---p 00002000 08:05 3279756                    /usr/lib/x86_64-linux-gnu/libXau.so.6.0.0
7f77c8f63000-7f77c8f64000 r--p 00002000 08:05 3279756                    /usr/lib/x86_64-linux-gnu/libXau.so.6.0.0
7f77c8f64000-7f77c8f65000 rw-p 00003000 08:05 3279756                    /usr/lib/x86_64-linux-gnu/libXau.so.6.0.0
7f77c8f65000-7f77c8f82000 r-xp 00000000 08:05 3280824                    /usr/lib/x86_64-linux-gnu/libxcb.so.1.1.0
7f77c8f82000-7f77c9182000 ---p 0001d000 08:05 3280824                    /usr/lib/x86_64-linux-gnu/libxcb.so.1.1.0
7f77c9182000-7f77c9183000 r--p 0001d000 08:05 3280824                    /usr/lib/x86_64-linux-gnu/libxcb.so.1.1.0
7f77c9183000-7f77c9184000 rw-p 0001e000 08:05 3280824                    /usr/lib/x86_64-linux-gnu/libxcb.so.1.1.0
7f77c9184000-7f77c9193000 r-xp 00000000 08:05 3279777                    /usr/lib/x86_64-linux-gnu/libXi.so.6.1.0
7f77c9193000-7f77c9392000 ---p 0000f000 08:05 3279777                    /usr/lib/x86_64-linux-gnu/libXi.so.6.1.0
7f77c9392000-7f77c9393000 r--p 0000e000 08:05 3279777                    /usr/lib/x86_64-linux-gnu/libXi.so.6.1.0
7f77c9393000-7f77c9394000 rw-p 0000f000 08:05 3279777                    /usr/lib/x86_64-linux-gnu/libXi.so.6.1.0
7f77c9394000-7f77c9399000 r-xp 00000000 08:05 3279797                    /usr/lib/x86_64-linux-gnu/libXtst.so.6.1.0
7f77c9399000-7f77c9598000 ---p 00005000 08:05 3279797                    /usr/lib/x86_64-linux-gnu/libXtst.so.6.1.0
7f77c9598000-7f77c9599000 r--p 00004000 08:05 3279797                    /usr/lib/x86_64-linux-gnu/libXtst.so.6.1.0
7f77c9599000-7f77c959a000 rw-p 00005000 08:05 3279797                    /usr/lib/x86_64-linux-gnu/libXtst.so.6.1.0
7f77c959a000-7f77c95a3000 r-xp 00000000 08:05 3279791                    /usr/lib/x86_64-linux-gnu/libXrender.so.1.3.0
7f77c95a3000-7f77c97a2000 ---p 00009000 08:05 3279791                    /usr/lib/x86_64-linux-gnu/libXrender.so.1.3.0
7f77c97a2000-7f77c97a3000 r--p 00008000 08:05 3279791                    /usr/lib/x86_64-linux-gnu/libXrender.so.1.3.0
7f77c97a3000-7f77c97a4000 rw-p 00009000 08:05 3279791                    /usr/lib/x86_64-linux-gnu/libXrender.so.1.3.0
7f77c97a4000-7f77c98d4000 r-xp 00000000 08:05 3279752                    /usr/lib/x86_64-linux-gnu/libX11.so.6.3.0
7f77c98d4000-7f77c9ad4000 ---p 00130000 08:05 3279752                    /usr/lib/x86_64-linux-gnu/libX11.so.6.3.0
7f77c9ad4000-7f77c9ad5000 r--p 00130000 08:05 3279752                    /usr/lib/x86_64-linux-gnu/libX11.so.6.3.0
7f77c9ad5000-7f77c9ad9000 rw-p 00131000 08:05 3279752                    /usr/lib/x86_64-linux-gnu/libX11.so.6.3.0
7f77c9ad9000-7f77c9aea000 r-xp 00000000 08:05 3279769                    /usr/lib/x86_64-linux-gnu/libXext.so.6.4.0
7f77c9aea000-7f77c9ce9000 ---p 00011000 08:05 3279769                    /usr/lib/x86_64-linux-gnu/libXext.so.6.4.0
7f77c9ce9000-7f77c9cea000 r--p 00010000 08:05 3279769                    /usr/lib/x86_64-linux-gnu/libXext.so.6.4.0
7f77c9cea000-7f77c9ceb000 rw-p 00011000 08:05 3279769                    /usr/lib/x86_64-linux-gnu/libXext.so.6.4.0
7f77c9ceb000-7f77c9d3b000 r-xp 00000000 08:05 794933                     /home/facundomr/jre1.7.0_55/lib/amd64/xawt/libmawt.so
7f77c9d3b000-7f77c9f3b000 ---p 00050000 08:05 794933                     /home/facundomr/jre1.7.0_55/lib/amd64/xawt/libmawt.so
7f77c9f3b000-7f77c9f3f000 rw-p 00050000 08:05 794933                     /home/facundomr/jre1.7.0_55/lib/amd64/xawt/libmawt.so
7f77c9f3f000-7f77cc000000 rw-p 00000000 00:00 0 
7f77cc000000-7f77cc021000 rw-p 00000000 00:00 0 
7f77cc021000-7f77d0000000 ---p 00000000 00:00 0 
7f77d0000000-7f77d0021000 rw-p 00000000 00:00 0 
7f77d0021000-7f77d4000000 ---p 00000000 00:00 0 
7f77d4000000-7f77d4021000 rw-p 00000000 00:00 0 
7f77d4021000-7f77d8000000 ---p 00000000 00:00 0 
7f77d8000000-7f77d8021000 rw-p 00000000 00:00 0 
7f77d8021000-7f77dc000000 ---p 00000000 00:00 0 
7f77dc000000-7f77dc021000 rw-p 00000000 00:00 0 
7f77dc021000-7f77e0000000 ---p 00000000 00:00 0 
7f77e0000000-7f77e0001000 rw-p 00000000 00:00 0 
7f77e0001000-7f77e0007000 r--s 00054000 08:05 735482                     /home/facundomr/productos/untref/untref-informatica-medica/InformaticaMedica-Imagenes/libs/hibernate-annotations-3.5.6-Final.jar
7f77e0007000-7f77e0011000 r--s 000a5000 08:05 735491                     /home/facundomr/productos/untref/untref-informatica-medica/InformaticaMedica-Imagenes/libs/javassist-3.18.2-GA.jar
7f77e0011000-7f77e001f000 r--s 00090000 08:05 735485                     /home/facundomr/productos/untref/untref-informatica-medica/InformaticaMedica-Imagenes/libs/hibernate-entitymanager-4.3.6.Final.jar
7f77e001f000-7f77e00c1000 r-xp 00000000 08:05 794891                     /home/facundomr/jre1.7.0_55/lib/amd64/libawt.so
7f77e00c1000-7f77e02c1000 ---p 000a2000 08:05 794891                     /home/facundomr/jre1.7.0_55/lib/amd64/libawt.so
7f77e02c1000-7f77e02cd000 rw-p 000a2000 08:05 794891                     /home/facundomr/jre1.7.0_55/lib/amd64/libawt.so
7f77e02cd000-7f77e02f1000 rw-p 00000000 00:00 0 
7f77e02f1000-7f77e02f2000 ---p 00000000 00:00 0 
7f77e02f2000-7f77e03f2000 rw-p 00000000 00:00 0                          [stack:4168]
7f77e03f2000-7f77e03f5000 ---p 00000000 00:00 0 
7f77e03f5000-7f77e04f3000 rw-p 00000000 00:00 0                          [stack:4167]
7f77e04f3000-7f77e04f6000 ---p 00000000 00:00 0 
7f77e04f6000-7f77e05f4000 rw-p 00000000 00:00 0                          [stack:4166]
7f77e05f4000-7f77e05f7000 ---p 00000000 00:00 0 
7f77e05f7000-7f77e06f5000 rw-p 00000000 00:00 0                          [stack:4165]
7f77e06f5000-7f77e06f8000 ---p 00000000 00:00 0 
7f77e06f8000-7f77e07f6000 rw-p 00000000 00:00 0                          [stack:4161]
7f77e07f6000-7f77e07f9000 ---p 00000000 00:00 0 
7f77e07f9000-7f77e08f7000 rw-p 00000000 00:00 0                          [stack:4160]
7f77e08f7000-7f77e08fa000 ---p 00000000 00:00 0 
7f77e08fa000-7f77e09f8000 rw-p 00000000 00:00 0                          [stack:4159]
7f77e09f8000-7f77e09fc000 r-xp 00000000 08:05 794896                     /home/facundomr/jre1.7.0_55/lib/amd64/libdt_socket.so
7f77e09fc000-7f77e0bfb000 ---p 00004000 08:05 794896                     /home/facundomr/jre1.7.0_55/lib/amd64/libdt_socket.so
7f77e0bfb000-7f77e0bfc000 rw-p 00003000 08:05 794896                     /home/facundomr/jre1.7.0_55/lib/amd64/libdt_socket.so
7f77e0bfc000-7f77e0bff000 ---p 00000000 00:00 0 
7f77e0bff000-7f77e0cfd000 rw-p 00000000 00:00 0                          [stack:4157]
7f77e0cfd000-7f77e0d00000 ---p 00000000 00:00 0 
7f77e0d00000-7f77e0dfe000 rw-p 00000000 00:00 0                          [stack:4156]
7f77e0dfe000-7f77e0e01000 ---p 00000000 00:00 0 
7f77e0e01000-7f77e0eff000 rw-p 00000000 00:00 0                          [stack:4155]
7f77e0eff000-7f77e0f00000 ---p 00000000 00:00 0 
7f77e0f00000-7f77e1000000 rw-p 00000000 00:00 0                          [stack:4154]
7f77e1000000-7f77e1270000 rwxp 00000000 00:00 0 
7f77e1270000-7f77e488c000 rw-p 00000000 00:00 0 
7f77e488c000-7f77e8000000 ---p 00000000 00:00 0 
7f77e8000000-7f77e8005000 r--s 00048000 08:05 735481                     /home/facundomr/productos/untref/untref-informatica-medica/InformaticaMedica-Imagenes/libs/dom4j-1.6.1.jar
7f77e8005000-7f77e8007000 r--s 00012000 08:05 735490                     /home/facundomr/productos/untref/untref-informatica-medica/InformaticaMedica-Imagenes/libs/jandex-1.2.1.Final.jar
7f77e8007000-7f77e8008000 r--s 00003000 08:05 735493                     /home/facundomr/productos/untref/untref-informatica-medica/InformaticaMedica-Imagenes/libs/jta-1.1.jar
7f77e8008000-7f77e800a000 r--s 0000c000 08:05 735492                     /home/facundomr/productos/untref/untref-informatica-medica/InformaticaMedica-Imagenes/libs/jboss-logging-3.1.4.GA.jar
7f77e800a000-7f77e8011000 r--s 0008a000 08:05 735494                     /home/facundomr/productos/untref/untref-informatica-medica/InformaticaMedica-Imagenes/libs/postgresql-9.3-1102.jdbc41.jar
7f77e8011000-7f77e8016000 r--s 00017000 08:05 735486                     /home/facundomr/productos/untref/untref-informatica-medica/InformaticaMedica-Imagenes/libs/hibernate-jpa-2.1-api-1.0.0.Final.jar
7f77e8016000-7f77e9015000 rw-p 00000000 00:00 0 
7f77e9015000-7f77e91d3000 r--s 031b1000 08:05 552183                     /home/facundomr/jre1.7.0_55/lib/rt.jar
7f77e91d3000-7f77e94d8000 rw-p 00000000 00:00 0 
7f77e94d8000-7f77e94d9000 ---p 00000000 00:00 0 
7f77e94d9000-7f77e95d9000 rw-p 00000000 00:00 0                          [stack:4153]
7f77e95d9000-7f77e95da000 ---p 00000000 00:00 0 
7f77e95da000-7f77e96da000 rw-p 00000000 00:00 0                          [stack:4152]
7f77e96da000-7f77e96db000 ---p 00000000 00:00 0 
7f77e96db000-7f77e97db000 rw-p 00000000 00:00 0                          [stack:4151]
7f77e97db000-7f77e97dc000 ---p 00000000 00:00 0 
7f77e97dc000-7f77e98e8000 rw-p 00000000 00:00 0                          [stack:4150]
7f77e98e8000-7f77e9905000 rw-p 00000000 00:00 0 
7f77e9905000-7f77e9919000 rw-p 00000000 00:00 0 
7f77e9919000-7f77e9a47000 rw-p 00000000 00:00 0 
7f77e9a47000-7f77e9a53000 rw-p 00000000 00:00 0 
7f77e9a53000-7f77e9a70000 rw-p 00000000 00:00 0 
7f77e9a70000-7f77e9a84000 rw-p 00000000 00:00 0 
7f77e9a84000-7f77e9bb2000 rw-p 00000000 00:00 0 
7f77e9bb2000-7f77e9bc9000 rw-p 00000000 00:00 0 
7f77e9bc9000-7f77e9c53000 rw-p 00000000 00:00 0 
7f77e9c53000-7f77e9c54000 rw-p 00000000 00:00 0 
7f77e9c54000-7f77e9c6e000 r-xp 00000000 08:05 794907                     /home/facundomr/jre1.7.0_55/lib/amd64/libzip.so
7f77e9c6e000-7f77e9e6e000 ---p 0001a000 08:05 794907                     /home/facundomr/jre1.7.0_55/lib/amd64/libzip.so
7f77e9e6e000-7f77e9e6f000 rw-p 0001a000 08:05 794907                     /home/facundomr/jre1.7.0_55/lib/amd64/libzip.so
7f77e9e6f000-7f77e9e7a000 r-xp 00000000 08:05 2892505                    /lib/x86_64-linux-gnu/libnss_files-2.19.so
7f77e9e7a000-7f77ea079000 ---p 0000b000 08:05 2892505                    /lib/x86_64-linux-gnu/libnss_files-2.19.so
7f77ea079000-7f77ea07a000 r--p 0000a000 08:05 2892505                    /lib/x86_64-linux-gnu/libnss_files-2.19.so
7f77ea07a000-7f77ea07b000 rw-p 0000b000 08:05 2892505                    /lib/x86_64-linux-gnu/libnss_files-2.19.so
7f77ea07b000-7f77ea086000 r-xp 00000000 08:05 2892507                    /lib/x86_64-linux-gnu/libnss_nis-2.19.so
7f77ea086000-7f77ea285000 ---p 0000b000 08:05 2892507                    /lib/x86_64-linux-gnu/libnss_nis-2.19.so
7f77ea285000-7f77ea286000 r--p 0000a000 08:05 2892507                    /lib/x86_64-linux-gnu/libnss_nis-2.19.so
7f77ea286000-7f77ea287000 rw-p 0000b000 08:05 2892507                    /lib/x86_64-linux-gnu/libnss_nis-2.19.so
7f77ea287000-7f77ea29e000 r-xp 00000000 08:05 2882009                    /lib/x86_64-linux-gnu/libnsl-2.19.so
7f77ea29e000-7f77ea49d000 ---p 00017000 08:05 2882009                    /lib/x86_64-linux-gnu/libnsl-2.19.so
7f77ea49d000-7f77ea49e000 r--p 00016000 08:05 2882009                    /lib/x86_64-linux-gnu/libnsl-2.19.so
7f77ea49e000-7f77ea49f000 rw-p 00017000 08:05 2882009                    /lib/x86_64-linux-gnu/libnsl-2.19.so
7f77ea49f000-7f77ea4a1000 rw-p 00000000 00:00 0 
7f77ea4a1000-7f77ea4aa000 r-xp 00000000 08:05 2879162                    /lib/x86_64-linux-gnu/libnss_compat-2.19.so
7f77ea4aa000-7f77ea6a9000 ---p 00009000 08:05 2879162                    /lib/x86_64-linux-gnu/libnss_compat-2.19.so
7f77ea6a9000-7f77ea6aa000 r--p 00008000 08:05 2879162                    /lib/x86_64-linux-gnu/libnss_compat-2.19.so
7f77ea6aa000-7f77ea6ab000 rw-p 00009000 08:05 2879162                    /lib/x86_64-linux-gnu/libnss_compat-2.19.so
7f77ea6ab000-7f77ead8d000 r--p 00000000 08:05 3278443                    /usr/lib/locale/locale-archive
7f77ead8d000-7f77ead90000 r-xp 00000000 08:05 794914                     /home/facundomr/jre1.7.0_55/lib/amd64/libnpt.so
7f77ead90000-7f77eaf8f000 ---p 00003000 08:05 794914                     /home/facundomr/jre1.7.0_55/lib/amd64/libnpt.so
7f77eaf8f000-7f77eaf90000 rw-p 00002000 08:05 794914                     /home/facundomr/jre1.7.0_55/lib/amd64/libnpt.so
7f77eaf90000-7f77eafc9000 r-xp 00000000 08:05 794894                     /home/facundomr/jre1.7.0_55/lib/amd64/libjdwp.so
7f77eafc9000-7f77eb1c9000 ---p 00039000 08:05 794894                     /home/facundomr/jre1.7.0_55/lib/amd64/libjdwp.so
7f77eb1c9000-7f77eb1ca000 rw-p 00039000 08:05 794894                     /home/facundomr/jre1.7.0_55/lib/amd64/libjdwp.so
7f77eb1ca000-7f77eb1cb000 rw-p 00000000 00:00 0 
7f77eb1cb000-7f77eb1f4000 r-xp 00000000 08:05 794898                     /home/facundomr/jre1.7.0_55/lib/amd64/libjava.so
7f77eb1f4000-7f77eb3f4000 ---p 00029000 08:05 794898                     /home/facundomr/jre1.7.0_55/lib/amd64/libjava.so
7f77eb3f4000-7f77eb3f6000 rw-p 00029000 08:05 794898                     /home/facundomr/jre1.7.0_55/lib/amd64/libjava.so
7f77eb3f6000-7f77eb403000 r-xp 00000000 08:05 794888                     /home/facundomr/jre1.7.0_55/lib/amd64/libverify.so
7f77eb403000-7f77eb602000 ---p 0000d000 08:05 794888                     /home/facundomr/jre1.7.0_55/lib/amd64/libverify.so
7f77eb602000-7f77eb604000 rw-p 0000c000 08:05 794888                     /home/facundomr/jre1.7.0_55/lib/amd64/libverify.so
7f77eb604000-7f77eb60b000 r-xp 00000000 08:05 2892477                    /lib/x86_64-linux-gnu/librt-2.19.so
7f77eb60b000-7f77eb80a000 ---p 00007000 08:05 2892477                    /lib/x86_64-linux-gnu/librt-2.19.so
7f77eb80a000-7f77eb80b000 r--p 00006000 08:05 2892477                    /lib/x86_64-linux-gnu/librt-2.19.so
7f77eb80b000-7f77eb80c000 rw-p 00007000 08:05 2892477                    /lib/x86_64-linux-gnu/librt-2.19.so
7f77eb80c000-7f77eb911000 r-xp 00000000 08:05 2892497                    /lib/x86_64-linux-gnu/libm-2.19.so
7f77eb911000-7f77ebb10000 ---p 00105000 08:05 2892497                    /lib/x86_64-linux-gnu/libm-2.19.so
7f77ebb10000-7f77ebb11000 r--p 00104000 08:05 2892497                    /lib/x86_64-linux-gnu/libm-2.19.so
7f77ebb11000-7f77ebb12000 rw-p 00105000 08:05 2892497                    /lib/x86_64-linux-gnu/libm-2.19.so
7f77ebb12000-7f77ec674000 r-xp 00000000 08:05 794905                     /home/facundomr/jre1.7.0_55/lib/amd64/server/libjvm.so
7f77ec674000-7f77ec874000 ---p 00b62000 08:05 794905                     /home/facundomr/jre1.7.0_55/lib/amd64/server/libjvm.so
7f77ec874000-7f77ec937000 rw-p 00b62000 08:05 794905                     /home/facundomr/jre1.7.0_55/lib/amd64/server/libjvm.so
7f77ec937000-7f77ec978000 rw-p 00000000 00:00 0 
7f77ec978000-7f77ecb33000 r-xp 00000000 08:05 2892485                    /lib/x86_64-linux-gnu/libc-2.19.so
7f77ecb33000-7f77ecd33000 ---p 001bb000 08:05 2892485                    /lib/x86_64-linux-gnu/libc-2.19.so
7f77ecd33000-7f77ecd37000 r--p 001bb000 08:05 2892485                    /lib/x86_64-linux-gnu/libc-2.19.so
7f77ecd37000-7f77ecd39000 rw-p 001bf000 08:05 2892485                    /lib/x86_64-linux-gnu/libc-2.19.so
7f77ecd39000-7f77ecd3e000 rw-p 00000000 00:00 0 
7f77ecd3e000-7f77ecd41000 r-xp 00000000 08:05 2892515                    /lib/x86_64-linux-gnu/libdl-2.19.so
7f77ecd41000-7f77ecf40000 ---p 00003000 08:05 2892515                    /lib/x86_64-linux-gnu/libdl-2.19.so
7f77ecf40000-7f77ecf41000 r--p 00002000 08:05 2892515                    /lib/x86_64-linux-gnu/libdl-2.19.so
7f77ecf41000-7f77ecf42000 rw-p 00003000 08:05 2892515                    /lib/x86_64-linux-gnu/libdl-2.19.so
7f77ecf42000-7f77ecf58000 r-xp 00000000 08:05 794926                     /home/facundomr/jre1.7.0_55/lib/amd64/jli/libjli.so
7f77ecf58000-7f77ed158000 ---p 00016000 08:05 794926                     /home/facundomr/jre1.7.0_55/lib/amd64/jli/libjli.so
7f77ed158000-7f77ed159000 rw-p 00016000 08:05 794926                     /home/facundomr/jre1.7.0_55/lib/amd64/jli/libjli.so
7f77ed159000-7f77ed172000 r-xp 00000000 08:05 2892517                    /lib/x86_64-linux-gnu/libpthread-2.19.so
7f77ed172000-7f77ed371000 ---p 00019000 08:05 2892517                    /lib/x86_64-linux-gnu/libpthread-2.19.so
7f77ed371000-7f77ed372000 r--p 00018000 08:05 2892517                    /lib/x86_64-linux-gnu/libpthread-2.19.so
7f77ed372000-7f77ed373000 rw-p 00019000 08:05 2892517                    /lib/x86_64-linux-gnu/libpthread-2.19.so
7f77ed373000-7f77ed377000 rw-p 00000000 00:00 0 
7f77ed377000-7f77ed39a000 r-xp 00000000 08:05 2892491                    /lib/x86_64-linux-gnu/ld-2.19.so
7f77ed39a000-7f77ed39b000 r--s 0064c000 08:05 735489                     /home/facundomr/productos/untref/untref-informatica-medica/InformaticaMedica-Imagenes/libs/jai_imageio_windows-i586.jar
7f77ed39b000-7f77ed39f000 r--s 0003c000 08:05 735487                     /home/facundomr/productos/untref/untref-informatica-medica/InformaticaMedica-Imagenes/libs/jai_codec.jar
7f77ed39f000-7f77ed3be000 rw-p 00000000 00:00 0 
7f77ed3be000-7f77ed474000 rw-p 00000000 00:00 0 
7f77ed474000-7f77ed477000 ---p 00000000 00:00 0 
7f77ed477000-7f77ed579000 rw-p 00000000 00:00 0                          [stack:4148]
7f77ed579000-7f77ed58d000 r--s 001bd000 08:05 735488                     /home/facundomr/productos/untref/untref-informatica-medica/InformaticaMedica-Imagenes/libs/jai_core.jar
7f77ed58d000-7f77ed595000 rw-s 00000000 08:05 2751363                    /tmp/hsperfdata_facundomr/4142
7f77ed595000-7f77ed596000 rw-p 00000000 00:00 0 
7f77ed596000-7f77ed597000 r--p 00000000 00:00 0 
7f77ed597000-7f77ed599000 rw-p 00000000 00:00 0 
7f77ed599000-7f77ed59a000 r--p 00022000 08:05 2892491                    /lib/x86_64-linux-gnu/ld-2.19.so
7f77ed59a000-7f77ed59b000 rw-p 00023000 08:05 2892491                    /lib/x86_64-linux-gnu/ld-2.19.so
7f77ed59b000-7f77ed59c000 rw-p 00000000 00:00 0 
7fffb7396000-7fffb73b8000 rw-p 00000000 00:00 0                          [stack]
7fffb73fe000-7fffb7400000 r-xp 00000000 00:00 0                          [vdso]
ffffffffff600000-ffffffffff601000 r-xp 00000000 00:00 0                  [vsyscall]

VM Arguments:
jvm_args: -agentlib:jdwp=transport=dt_socket,suspend=y,address=localhost:46005 -Dfile.encoding=UTF-8 
java_command: ar.edu.untref.ingcomputacion.infmedica.tpimagenes.Programa
Launcher Type: SUN_STANDARD

Environment Variables:
JAVA_HOME=/home/facundomr/jdk1.7.0_55
PATH=JAVA_HOME/bin;ANDROID_SDK;ANT/bin:ANDROID_SDK/tools:ANDROID_SDK/platform-tools:/home/facundomr/jre1.7.0_55/bin:/usr/local/sbin:/usr/local/bin:/usr/sbin:/usr/bin:/sbin:/bin:/usr/games:/usr/local/games:/home/facundomr/eclipse-android/sdk/platform-tools:/home/facundomr/eclipse-android/sdk/tools:/home/facundomr/ant/bin
SHELL=/bin/bash
DISPLAY=:0.0

Signal Handlers:
SIGSEGV: [libjvm.so+0x993980], sa_mask[0]=0x7ffbfeff, sa_flags=0x10000004
SIGBUS: [libjvm.so+0x993980], sa_mask[0]=0x7ffbfeff, sa_flags=0x10000004
SIGFPE: [libjvm.so+0x8106e0], sa_mask[0]=0x7ffbfeff, sa_flags=0x10000004
SIGPIPE: [libjvm.so+0x8106e0], sa_mask[0]=0x7ffbfeff, sa_flags=0x10000004
SIGXFSZ: [libjvm.so+0x8106e0], sa_mask[0]=0x7ffbfeff, sa_flags=0x10000004
SIGILL: [libjvm.so+0x8106e0], sa_mask[0]=0x7ffbfeff, sa_flags=0x10000004
SIGUSR1: SIG_DFL, sa_mask[0]=0x00000000, sa_flags=0x00000000
SIGUSR2: [libjvm.so+0x811bd0], sa_mask[0]=0x00000004, sa_flags=0x10000004
SIGHUP: [libjvm.so+0x812b40], sa_mask[0]=0x7ffbfeff, sa_flags=0x10000004
SIGINT: [libjvm.so+0x812b40], sa_mask[0]=0x7ffbfeff, sa_flags=0x10000004
SIGTERM: [libjvm.so+0x812b40], sa_mask[0]=0x7ffbfeff, sa_flags=0x10000004
SIGQUIT: [libjvm.so+0x812b40], sa_mask[0]=0x7ffbfeff, sa_flags=0x10000004


---------------  S Y S T E M  ---------------

OS:jessie/sid

uname:Linux 3.13.0-36-generic #63-Ubuntu SMP Wed Sep 3 21:30:07 UTC 2014 x86_64
libc:glibc 2.19 NPTL 2.19 
rlimit: STACK 8192k, CORE 0k, NPROC 30733, NOFILE 4096, AS infinity
load average:0,24 0,50 0,72

/proc/meminfo:
MemTotal:        3955476 kB
MemFree:          112108 kB
Buffers:            5292 kB
Cached:           531284 kB
SwapCached:            8 kB
Active:          2683904 kB
Inactive:         921988 kB
Active(anon):    2584432 kB
Inactive(anon):   826016 kB
Active(file):      99472 kB
Inactive(file):    95972 kB
Unevictable:         132 kB
Mlocked:             132 kB
SwapTotal:       4002812 kB
SwapFree:        4002556 kB
Dirty:               252 kB
Writeback:             0 kB
AnonPages:       3069548 kB
Mapped:           276828 kB
Shmem:            341060 kB
Slab:             112836 kB
SReclaimable:      73884 kB
SUnreclaim:        38952 kB
KernelStack:        7584 kB
PageTables:        58164 kB
NFS_Unstable:          0 kB
Bounce:                0 kB
WritebackTmp:          0 kB
CommitLimit:     5980548 kB
Committed_AS:    9714744 kB
VmallocTotal:   34359738367 kB
VmallocUsed:      348228 kB
VmallocChunk:   34359379932 kB
HardwareCorrupted:     0 kB
AnonHugePages:   1310720 kB
HugePages_Total:       0
HugePages_Free:        0
HugePages_Rsvd:        0
HugePages_Surp:        0
Hugepagesize:       2048 kB
DirectMap4k:       73828 kB
DirectMap2M:     4028416 kB


CPU:total 4 (2 cores per cpu, 2 threads per core) family 6 model 42 stepping 7, cmov, cx8, fxsr, mmx, sse, sse2, sse3, ssse3, sse4.1, sse4.2, popcnt, avx, ht, tsc, tscinvbit

/proc/cpuinfo:
processor	: 0
vendor_id	: GenuineIntel
cpu family	: 6
model		: 42
model name	: Intel(R) Core(TM) i3-2310M CPU @ 2.10GHz
stepping	: 7
microcode	: 0x9
cpu MHz		: 800.000
cache size	: 3072 KB
physical id	: 0
siblings	: 4
core id		: 0
cpu cores	: 2
apicid		: 0
initial apicid	: 0
fpu		: yes
fpu_exception	: yes
cpuid level	: 13
wp		: yes
flags		: fpu vme de pse tsc msr pae mce cx8 apic sep mtrr pge mca cmov pat pse36 clflush dts acpi mmx fxsr sse sse2 ss ht tm pbe syscall nx rdtscp lm constant_tsc arch_perfmon pebs bts rep_good nopl xtopology nonstop_tsc aperfmperf eagerfpu pni pclmulqdq dtes64 monitor ds_cpl vmx est tm2 ssse3 cx16 xtpr pdcm pcid sse4_1 sse4_2 x2apic popcnt tsc_deadline_timer xsave avx lahf_lm arat epb xsaveopt pln pts dtherm tpr_shadow vnmi flexpriority ept vpid
bogomips	: 4190.88
clflush size	: 64
cache_alignment	: 64
address sizes	: 36 bits physical, 48 bits virtual
power management:

processor	: 1
vendor_id	: GenuineIntel
cpu family	: 6
model		: 42
model name	: Intel(R) Core(TM) i3-2310M CPU @ 2.10GHz
stepping	: 7
microcode	: 0x9
cpu MHz		: 2100.000
cache size	: 3072 KB
physical id	: 0
siblings	: 4
core id		: 1
cpu cores	: 2
apicid		: 2
initial apicid	: 2
fpu		: yes
fpu_exception	: yes
cpuid level	: 13
wp		: yes
flags		: fpu vme de pse tsc msr pae mce cx8 apic sep mtrr pge mca cmov pat pse36 clflush dts acpi mmx fxsr sse sse2 ss ht tm pbe syscall nx rdtscp lm constant_tsc arch_perfmon pebs bts rep_good nopl xtopology nonstop_tsc aperfmperf eagerfpu pni pclmulqdq dtes64 monitor ds_cpl vmx est tm2 ssse3 cx16 xtpr pdcm pcid sse4_1 sse4_2 x2apic popcnt tsc_deadline_timer xsave avx lahf_lm arat epb xsaveopt pln pts dtherm tpr_shadow vnmi flexpriority ept vpid
bogomips	: 4190.88
clflush size	: 64
cache_alignment	: 64
address sizes	: 36 bits physical, 48 bits virtual
power management:

processor	: 2
vendor_id	: GenuineIntel
cpu family	: 6
model		: 42
model name	: Intel(R) Core(TM) i3-2310M CPU @ 2.10GHz
stepping	: 7
microcode	: 0x9
cpu MHz		: 2100.000
cache size	: 3072 KB
physical id	: 0
siblings	: 4
core id		: 0
cpu cores	: 2
apicid		: 1
initial apicid	: 1
fpu		: yes
fpu_exception	: yes
cpuid level	: 13
wp		: yes
flags		: fpu vme de pse tsc msr pae mce cx8 apic sep mtrr pge mca cmov pat pse36 clflush dts acpi mmx fxsr sse sse2 ss ht tm pbe syscall nx rdtscp lm constant_tsc arch_perfmon pebs bts rep_good nopl xtopology nonstop_tsc aperfmperf eagerfpu pni pclmulqdq dtes64 monitor ds_cpl vmx est tm2 ssse3 cx16 xtpr pdcm pcid sse4_1 sse4_2 x2apic popcnt tsc_deadline_timer xsave avx lahf_lm arat epb xsaveopt pln pts dtherm tpr_shadow vnmi flexpriority ept vpid
bogomips	: 4190.88
clflush size	: 64
cache_alignment	: 64
address sizes	: 36 bits physical, 48 bits virtual
power management:

processor	: 3
vendor_id	: GenuineIntel
cpu family	: 6
model		: 42
model name	: Intel(R) Core(TM) i3-2310M CPU @ 2.10GHz
stepping	: 7
microcode	: 0x9
cpu MHz		: 1700.000
cache size	: 3072 KB
physical id	: 0
siblings	: 4
core id		: 1
cpu cores	: 2
apicid		: 3
initial apicid	: 3
fpu		: yes
fpu_exception	: yes
cpuid level	: 13
wp		: yes
flags		: fpu vme de pse tsc msr pae mce cx8 apic sep mtrr pge mca cmov pat pse36 clflush dts acpi mmx fxsr sse sse2 ss ht tm pbe syscall nx rdtscp lm constant_tsc arch_perfmon pebs bts rep_good nopl xtopology nonstop_tsc aperfmperf eagerfpu pni pclmulqdq dtes64 monitor ds_cpl vmx est tm2 ssse3 cx16 xtpr pdcm pcid sse4_1 sse4_2 x2apic popcnt tsc_deadline_timer xsave avx lahf_lm arat epb xsaveopt pln pts dtherm tpr_shadow vnmi flexpriority ept vpid
bogomips	: 4190.88
clflush size	: 64
cache_alignment	: 64
address sizes	: 36 bits physical, 48 bits virtual
power management:



Memory: 4k page, physical 3955476k(112108k free), swap 4002812k(4002556k free)

vm_info: Java HotSpot(TM) 64-Bit Server VM (24.55-b03) for linux-amd64 JRE (1.7.0_55-b13), built on Mar 17 2014 19:43:58 by "java_re" with gcc 4.3.0 20080428 (Red Hat 4.3.0-8)

time: Thu Oct  9 21:26:54 2014
elapsed time: 810 seconds

